INFO:tornado.access:304 GET / (::1) 1.70ms
INFO:tornado.access:304 GET /static/css/index.css (::1) 6.57ms
INFO:tornado.access:304 GET /static/css/float_out_window.css (::1) 0.55ms
INFO:tornado.access:304 GET /static/css/font-awesome.min.css (::1) 0.77ms
INFO:tornado.access:304 GET /static/js/create_room.js (::1) 0.71ms
INFO:tornado.access:304 GET /static/js/request.js (::1) 0.68ms
INFO:tornado.access:304 GET /static/img/working%20desk.jpg (::1) 2.97ms
WARNING:tornado.access:404 GET /static/fonts/fontawesome-webfont.woff2?v=4.7.0 (::1) 0.63ms
WARNING:tornado.access:404 GET /static/fonts/fontawesome-webfont.woff?v=4.7.0 (::1) 0.88ms
INFO:__main__:CreateRoomHandler
INFO:tornado.access:200 POST /createRoom (::1) 0.76ms
INFO:tornado.access:304 GET / (::1) 1.68ms
INFO:tornado.access:304 GET /static/css/index.css (::1) 5.17ms
INFO:tornado.access:304 GET /static/css/float_out_window.css (::1) 0.73ms
INFO:tornado.access:304 GET /static/css/font-awesome.min.css (::1) 0.66ms
INFO:tornado.access:304 GET /static/js/create_room.js (::1) 0.68ms
INFO:tornado.access:304 GET /static/js/request.js (::1) 0.80ms
INFO:tornado.access:304 GET /static/img/working%20desk.jpg (::1) 2.93ms
WARNING:tornado.access:404 GET /static/fonts/fontawesome-webfont.woff2?v=4.7.0 (::1) 0.68ms
WARNING:tornado.access:404 GET /static/fonts/fontawesome-webfont.woff?v=4.7.0 (::1) 0.64ms
WARNING:tornado.general:Invalid x-www-form-urlencoded body: 'latin-1' codec can't encode characters in position 11-13: ordinal not in range(256)
INFO:__main__:CreateRoomHandler
WARNING:tornado.general:400 POST /createRoom (::1): Missing argument id
WARNING:tornado.access:400 POST /createRoom (::1) 1.65ms
INFO:tornado.access:304 GET / (::1) 1.82ms
INFO:tornado.access:304 GET /static/css/index.css (::1) 6.04ms
INFO:tornado.access:304 GET /static/css/float_out_window.css (::1) 0.64ms
INFO:tornado.access:304 GET /static/css/font-awesome.min.css (::1) 0.79ms
INFO:tornado.access:304 GET /static/js/create_room.js (::1) 0.72ms
INFO:tornado.access:304 GET /static/js/request.js (::1) 0.74ms
INFO:tornado.access:304 GET /static/img/working%20desk.jpg (::1) 2.69ms
WARNING:tornado.access:404 GET /static/fonts/fontawesome-webfont.woff2?v=4.7.0 (::1) 0.72ms
WARNING:tornado.access:404 GET /static/fonts/fontawesome-webfont.woff?v=4.7.0 (::1) 0.50ms
WARNING:tornado.general:Invalid x-www-form-urlencoded body: 'latin-1' codec can't encode characters in position 9-11: ordinal not in range(256)
INFO:__main__:CreateRoomHandler
WARNING:tornado.general:400 POST /createRoom (::1): Missing argument id
WARNING:tornado.access:400 POST /createRoom (::1) 1.70ms
INFO:tornado.access:304 GET / (::1) 1.56ms
INFO:tornado.access:304 GET /static/css/index.css (::1) 4.75ms
INFO:tornado.access:304 GET /static/css/float_out_window.css (::1) 0.56ms
INFO:tornado.access:304 GET /static/css/font-awesome.min.css (::1) 1.00ms
INFO:tornado.access:304 GET /static/js/create_room.js (::1) 0.68ms
INFO:tornado.access:304 GET /static/js/request.js (::1) 0.65ms
INFO:tornado.access:304 GET /static/img/working%20desk.jpg (::1) 2.73ms
WARNING:tornado.access:404 GET /static/fonts/fontawesome-webfont.woff2?v=4.7.0 (::1) 0.52ms
WARNING:tornado.access:404 GET /static/fonts/fontawesome-webfont.woff?v=4.7.0 (::1) 0.52ms
INFO:__main__:CreateRoomHandler
INFO:__main__:Rooms--create_room:  room_title:123 topic_intro:123 mind_map:
INFO:tornado.access:200 POST /createRoom (::1) 0.81ms
ERROR:tornado.application:Uncaught exception in /status/roomId=784487&userName=123
Traceback (most recent call last):
  File "/usr/lib/python3.6/site-packages/tornado/websocket.py", line 412, in _run_callback
    callback(*args, **kwargs)
  File "main.py", line 161, in open
    if not self.application.rooms_manage.add_user(room_id,self.user):
  File "main.py", line 95, in add_user
    logger.info("Rooms.add_user:" + room_id + " " + user)
TypeError: must be str, not User
INFO:__main__:CreateRoomHandler
INFO:__main__:Rooms--create_room:  room_title:3123123 topic_intro:123123 mind_map:
INFO:tornado.access:200 POST /createRoom (::1) 0.82ms
ERROR:tornado.application:Uncaught exception in /status/roomId=643783&userName=12312
Traceback (most recent call last):
  File "/usr/lib/python3.6/site-packages/tornado/websocket.py", line 412, in _run_callback
    callback(*args, **kwargs)
  File "main.py", line 161, in open
    if not self.application.rooms_manage.add_user(room_id,self.user):
  File "main.py", line 95, in add_user
    logger.info("Rooms.add_user:" + room_id + " " + user)
TypeError: must be str, not User
INFO:tornado.access:304 GET / (::1) 2.32ms
INFO:tornado.access:304 GET /static/css/index.css (::1) 6.72ms
INFO:tornado.access:304 GET /static/css/float_out_window.css (::1) 1.63ms
INFO:tornado.access:304 GET /static/css/font-awesome.min.css (::1) 1.25ms
INFO:tornado.access:304 GET /static/js/request.js (::1) 0.69ms
INFO:tornado.access:304 GET /static/js/create_room.js (::1) 0.66ms
INFO:tornado.access:304 GET /static/img/working%20desk.jpg (::1) 2.27ms
WARNING:tornado.access:404 GET /static/fonts/fontawesome-webfont.woff2?v=4.7.0 (::1) 0.69ms
WARNING:tornado.access:404 GET /static/fonts/fontawesome-webfont.woff?v=4.7.0 (::1) 0.52ms
INFO:__main__:CreateRoomHandler
INFO:__main__:Rooms--create_room:  room_title:123123 topic_intro:123123 mind_map:
INFO:tornado.access:200 POST /createRoom (::1) 1.27ms
ERROR:tornado.application:Uncaught exception in /status/roomId=543397&userName=123
Traceback (most recent call last):
  File "/usr/lib/python3.6/site-packages/tornado/websocket.py", line 412, in _run_callback
    callback(*args, **kwargs)
  File "main.py", line 161, in open
    if not self.application.rooms_manage.add_user(room_id,self.user):
  File "main.py", line 95, in add_user
    logger.info("Rooms.add_user:" + room_id + " " + user)
TypeError: must be str, not User
INFO:tornado.access:304 GET / (::1) 1.63ms
INFO:tornado.access:304 GET /static/css/index.css (::1) 5.84ms
INFO:tornado.access:304 GET /static/css/float_out_window.css (::1) 1.00ms
INFO:tornado.access:304 GET /static/css/font-awesome.min.css (::1) 1.19ms
INFO:tornado.access:304 GET /static/js/create_room.js (::1) 0.92ms
INFO:tornado.access:304 GET /static/js/request.js (::1) 1.34ms
INFO:tornado.access:304 GET /static/img/working%20desk.jpg (::1) 3.05ms
WARNING:tornado.access:404 GET /static/fonts/fontawesome-webfont.woff2?v=4.7.0 (::1) 0.81ms
WARNING:tornado.access:404 GET /static/fonts/fontawesome-webfont.woff?v=4.7.0 (::1) 0.79ms
INFO:__main__:CreateRoomHandler
INFO:__main__:Rooms--create_room:  room_title:23123 topic_intro:123123 mind_map:
INFO:tornado.access:200 POST /createRoom (::1) 1.19ms
INFO:__main__:Rooms.add_user:730738 123
INFO:__main__:CreateRoomHandler
INFO:__main__:Rooms--create_room:  room_title:1231 topic_intro:23123 mind_map:
INFO:tornado.access:200 POST /createRoom (::1) 1.20ms
INFO:__main__:Rooms.add_user:108471 123
WARNING:tornado.general:Invalid x-www-form-urlencoded body: 'latin-1' codec can't encode characters in position 0-3: ordinal not in range(256)
INFO:__main__:CreateRoomHandler
WARNING:tornado.general:400 POST /createRoom (::1): Missing argument id
WARNING:tornado.access:400 POST /createRoom (::1) 1.38ms
INFO:__main__:CreateRoomHandler
INFO:__main__:Rooms--create_room:  room_title:阿角色的 topic_intro:123qwe mind_map:
INFO:tornado.access:200 POST /createRoom (127.0.0.1) 1.26ms
INFO:tornado.access:200 GET / (::1) 2.03ms
INFO:tornado.access:304 GET /static/css/index.css (::1) 5.46ms
INFO:tornado.access:304 GET /static/css/float_out_window.css (::1) 0.93ms
INFO:tornado.access:304 GET /static/css/font-awesome.min.css (::1) 0.68ms
INFO:tornado.access:304 GET /static/js/create_room.js (::1) 0.65ms
INFO:tornado.access:200 GET /static/js/request.js (::1) 0.71ms
INFO:tornado.access:200 GET /static/js/jquery-3.1.1.min.js (::1) 0.97ms
INFO:tornado.access:304 GET /static/img/working%20desk.jpg (::1) 2.19ms
WARNING:tornado.access:404 GET /static/fonts/fontawesome-webfont.woff2?v=4.7.0 (::1) 0.54ms
WARNING:tornado.access:404 GET /static/fonts/fontawesome-webfont.woff?v=4.7.0 (::1) 0.63ms
WARNING:tornado.access:404 POST /127.0.0.1:8000/createRoom (::1) 0.49ms
INFO:tornado.access:304 GET / (::1) 1.94ms
INFO:tornado.access:304 GET /static/css/index.css (::1) 7.67ms
INFO:tornado.access:304 GET /static/css/float_out_window.css (::1) 0.82ms
INFO:tornado.access:304 GET /static/css/font-awesome.min.css (::1) 0.91ms
INFO:tornado.access:304 GET /static/js/create_room.js (::1) 0.83ms
INFO:tornado.access:200 GET /static/js/request.js (::1) 1.01ms
INFO:tornado.access:304 GET /static/js/jquery-3.1.1.min.js (::1) 1.00ms
INFO:tornado.access:304 GET /static/img/working%20desk.jpg (::1) 2.80ms
WARNING:tornado.access:404 GET /static/fonts/fontawesome-webfont.woff2?v=4.7.0 (::1) 0.72ms
WARNING:tornado.access:404 GET /static/fonts/fontawesome-webfont.woff?v=4.7.0 (::1) 0.77ms
INFO:__main__:CreateRoomHandler
INFO:__main__:Rooms--create_room:  room_title:2312 topic_intro:3123 mind_map:
INFO:tornado.access:200 POST /createRoom (::1) 0.94ms
INFO:__main__:Rooms.add_user:838614 1231
INFO:tornado.access:304 GET / (::1) 1.71ms
INFO:tornado.access:304 GET /static/css/index.css (::1) 5.63ms
INFO:tornado.access:304 GET /static/css/float_out_window.css (::1) 0.83ms
INFO:tornado.access:304 GET /static/css/font-awesome.min.css (::1) 0.98ms
INFO:tornado.access:304 GET /static/js/create_room.js (::1) 0.98ms
INFO:tornado.access:200 GET /static/js/request.js (::1) 1.07ms
INFO:tornado.access:304 GET /static/js/jquery-3.1.1.min.js (::1) 0.99ms
INFO:tornado.access:304 GET /static/img/working%20desk.jpg (::1) 2.26ms
WARNING:tornado.access:404 GET /static/fonts/fontawesome-webfont.woff2?v=4.7.0 (::1) 0.51ms
WARNING:tornado.access:404 GET /static/fonts/fontawesome-webfont.woff?v=4.7.0 (::1) 0.51ms
INFO:__main__:CreateRoomHandler
INFO:__main__:Rooms--create_room:  room_title:123 topic_intro:123123 mind_map:
INFO:tornado.access:200 POST /createRoom (::1) 1.68ms
INFO:__main__:CreateRoomHandler
INFO:__main__:Rooms--create_room:  room_title:12341234 topic_intro:12341234 mind_map:
INFO:tornado.access:200 POST /createRoom (::1) 0.81ms
WARNING:tornado.general:Invalid x-www-form-urlencoded body: 'latin-1' codec can't encode characters in position 6-8: ordinal not in range(256)
INFO:__main__:CreateRoomHandler
WARNING:tornado.general:400 POST /createRoom (::1): Missing argument id
WARNING:tornado.access:400 POST /createRoom (::1) 1.63ms
INFO:tornado.access:200 GET / (192.168.1.133) 0.45ms
INFO:tornado.access:200 GET /static/css/float_out_window.css (192.168.1.133) 0.46ms
INFO:tornado.access:200 GET /static/css/index.css (192.168.1.133) 0.83ms
INFO:tornado.access:200 GET /static/js/request.js (192.168.1.133) 0.67ms
INFO:tornado.access:200 GET /static/js/create_room.js (192.168.1.133) 0.87ms
INFO:tornado.access:200 GET /static/css/font-awesome.min.css (192.168.1.133) 27.98ms
INFO:tornado.access:200 GET /static/js/jquery-3.1.1.min.js (192.168.1.133) 62.02ms
WARNING:tornado.access:404 GET /static/fonts/fontawesome-webfont.woff2?v=4.7.0 (192.168.1.133) 0.36ms
WARNING:tornado.access:404 GET /static/fonts/fontawesome-webfont.woff?v=4.7.0 (192.168.1.133) 0.53ms
INFO:tornado.access:200 GET /static/img/working%20desk.jpg (192.168.1.133) 517.42ms
INFO:tornado.access:200 GET /static/fonts/Lobster-Regular.ttf (192.168.1.133) 759.01ms
INFO:tornado.access:200 GET /static/fonts/fontawesome-webfont.ttf?v=4.7.0 (192.168.1.133) 331.13ms
WARNING:tornado.access:404 GET /favicon.ico (192.168.1.133) 0.52ms
INFO:__main__:CreateRoomHandler
INFO:__main__:Rooms--create_room:  room_title:ghhfgg topic_intro:gfghh mind_map:
INFO:tornado.access:200 POST /createRoom (192.168.1.133) 0.99ms
WARNING:tornado.general:Invalid x-www-form-urlencoded body: 'latin-1' codec can't encode characters in position 0-2: ordinal not in range(256)
INFO:__main__:CreateRoomHandler
WARNING:tornado.general:400 POST /createRoom (192.168.1.133): Missing argument id
WARNING:tornado.access:400 POST /createRoom (192.168.1.133) 0.90ms
INFO:__main__:CreateRoomHandler
INFO:__main__:Rooms--create_room:  room_title:234123 topic_intro:123123 mind_map:
INFO:tornado.access:200 POST /createRoom (::1) 1.49ms
WARNING:tornado.general:Invalid x-www-form-urlencoded body: 'latin-1' codec can't encode characters in position 0-3: ordinal not in range(256)
INFO:__main__:CreateRoomHandler
WARNING:tornado.general:400 POST /createRoom (::1): Missing argument id
WARNING:tornado.access:400 POST /createRoom (::1) 1.18ms
WARNING:tornado.general:Invalid x-www-form-urlencoded body: 'latin-1' codec can't encode characters in position 0-2: ordinal not in range(256)
INFO:__main__:CreateRoomHandler
WARNING:tornado.general:400 POST /createRoom (::1): Missing argument id
WARNING:tornado.access:400 POST /createRoom (::1) 0.74ms
INFO:__main__:CreateRoomHandler
INFO:__main__:Rooms--create_room:  room_title:12312 topic_intro:123 mind_map:
INFO:tornado.access:200 POST /createRoom (::1) 1.15ms
INFO:tornado.access:304 GET / (::1) 1.67ms
INFO:tornado.access:304 GET /static/css/index.css (::1) 6.73ms
INFO:tornado.access:304 GET /static/css/float_out_window.css (::1) 0.75ms
INFO:tornado.access:304 GET /static/css/font-awesome.min.css (::1) 0.76ms
INFO:tornado.access:304 GET /static/js/create_room.js (::1) 0.72ms
INFO:tornado.access:200 GET /static/js/request.js (::1) 0.94ms
INFO:tornado.access:304 GET /static/js/jquery-3.1.1.min.js (::1) 2.18ms
INFO:tornado.access:304 GET /static/img/working%20desk.jpg (::1) 2.32ms
WARNING:tornado.access:404 GET /static/fonts/fontawesome-webfont.woff2?v=4.7.0 (::1) 0.75ms
WARNING:tornado.access:404 GET /static/fonts/fontawesome-webfont.woff?v=4.7.0 (::1) 0.49ms
INFO:__main__:CreateRoomHandler
INFO:__main__:Rooms--create_room:  room_title:123123 topic_intro:123123 mind_map:
INFO:tornado.access:200 POST /createRoom (::1) 0.74ms
WARNING:tornado.general:Invalid x-www-form-urlencoded body: 'latin-1' codec can't encode characters in position 3-5: ordinal not in range(256)
INFO:__main__:CreateRoomHandler
WARNING:tornado.general:400 POST /createRoom (::1): Missing argument id
WARNING:tornado.access:400 POST /createRoom (::1) 1.80ms
INFO:__main__:CreateRoomHandler
INFO:__main__:Rooms--create_room:  room_title:阿角色的 topic_intro:123qwe mind_map:
INFO:tornado.access:200 POST /createRoom (127.0.0.1) 0.78ms
WARNING:tornado.general:Invalid x-www-form-urlencoded body: 'latin-1' codec can't encode characters in position 24-26: ordinal not in range(256)
INFO:__main__:CreateRoomHandler
WARNING:tornado.general:400 POST /createRoom (127.0.0.1): Missing argument id
WARNING:tornado.access:400 POST /createRoom (127.0.0.1) 1.10ms
INFO:__main__:CreateRoomHandler
INFO:__main__:Rooms--create_room:  room_title:阿角色的 topic_intro:123qwe mind_map:
INFO:tornado.access:200 POST /createRoom (127.0.0.1) 1.37ms
INFO:__main__:CreateRoomHandler
INFO:__main__:Rooms--create_room:  room_title:法大赛 topic_intro:反对发送 mind_map:
INFO:tornado.access:200 POST /createRoom (127.0.0.1) 1.27ms
INFO:tornado.access:304 GET / (::1) 0.43ms
INFO:tornado.access:304 GET /static/css/index.css (::1) 0.79ms
INFO:tornado.access:304 GET /static/css/float_out_window.css (::1) 0.74ms
INFO:tornado.access:304 GET /static/css/font-awesome.min.css (::1) 0.61ms
INFO:tornado.access:304 GET /static/js/create_room.js (::1) 0.62ms
INFO:tornado.access:304 GET /static/js/request.js (::1) 0.65ms
INFO:tornado.access:304 GET /static/js/jquery-3.1.1.min.js (::1) 0.60ms
INFO:tornado.access:304 GET /static/img/working%20desk.jpg (::1) 1.09ms
WARNING:tornado.access:404 GET /static/fonts/fontawesome-webfont.woff2?v=4.7.0 (::1) 0.63ms
WARNING:tornado.access:404 GET /static/fonts/fontawesome-webfont.woff?v=4.7.0 (::1) 1.11ms
INFO:tornado.access:200 GET / (::1) 3.05ms
INFO:tornado.access:304 GET /static/css/index.css (::1) 6.64ms
INFO:tornado.access:304 GET /static/css/float_out_window.css (::1) 0.92ms
INFO:tornado.access:304 GET /static/css/font-awesome.min.css (::1) 0.77ms
INFO:tornado.access:304 GET /static/js/create_room.js (::1) 0.80ms
INFO:tornado.access:304 GET /static/js/request.js (::1) 0.80ms
INFO:tornado.access:304 GET /static/js/jquery-3.1.1.min.js (::1) 0.85ms
INFO:tornado.access:304 GET /static/img/working%20desk.jpg (::1) 2.79ms
WARNING:tornado.access:404 GET /static/fonts/fontawesome-webfont.woff2?v=4.7.0 (::1) 0.61ms
WARNING:tornado.access:404 GET /static/fonts/fontawesome-webfont.woff?v=4.7.0 (::1) 0.52ms
WARNING:tornado.general:Invalid x-www-form-urlencoded body: 'latin-1' codec can't encode characters in position 3-5: ordinal not in range(256)
INFO:__main__:CreateRoomHandler
WARNING:tornado.general:400 POST /createRoom (::1): Missing argument id
WARNING:tornado.access:400 POST /createRoom (::1) 1.66ms
WARNING:tornado.general:Invalid x-www-form-urlencoded body: 'latin-1' codec can't encode characters in position 0-2: ordinal not in range(256)
INFO:__main__:CreateRoomHandler
WARNING:tornado.general:400 POST /createRoom (::1): Missing argument id
WARNING:tornado.access:400 POST /createRoom (::1) 0.88ms
INFO:__main__:CreateRoomHandler
INFO:__main__:Rooms--create_room:  room_title:法大赛 topic_intro:反对发送 mind_map:
INFO:tornado.access:200 POST /createRoom (127.0.0.1) 1.09ms
INFO:tornado.access:200 GET / (::1) 0.47ms
INFO:tornado.access:200 GET /static/js/jquery-3.1.1.min.js (::1) 1.10ms
INFO:tornado.access:304 GET /static/css/index.css (::1) 0.80ms
INFO:tornado.access:304 GET /static/css/float_out_window.css (::1) 0.82ms
INFO:tornado.access:200 GET /static/js/request.js (::1) 0.98ms
INFO:tornado.access:304 GET /static/css/font-awesome.min.css (::1) 0.81ms
INFO:tornado.access:304 GET /static/js/create_room.js (::1) 0.99ms
INFO:tornado.access:304 GET /static/img/working%20desk.jpg (::1) 0.49ms
WARNING:tornado.access:404 GET /static/fonts/fontawesome-webfont.woff2?v=4.7.0 (::1) 0.64ms
INFO:tornado.access:304 GET /static/fonts/Lobster-Regular.ttf (::1) 1.63ms
WARNING:tornado.access:404 GET /static/fonts/fontawesome-webfont.woff?v=4.7.0 (::1) 1.25ms
WARNING:tornado.general:Invalid x-www-form-urlencoded body: 'latin-1' codec can't encode characters in position 0-2: ordinal not in range(256)
INFO:__main__:CreateRoomHandler
WARNING:tornado.general:400 POST /createRoom (::1): Missing argument id
WARNING:tornado.access:400 POST /createRoom (::1) 1.38ms
